   2.024970794283613E-005
  -8.600670051238898E-006   5.264534808487043E-005
   1.453988033699954E-004
  -2.562853722639730E-005   3.292947699280230E-004
   1.348649579385292E-004
   4.883100144548773E-007   2.555221687940070E-004
   1.305491326078415E-004
   1.047829026263670E-005   2.140007799625499E-004
   1.297588058939154E-004
   1.665258302396757E-005   1.987905637742031E-004
   1.351120998858682E-004
   2.588734258991706E-005   2.011849558371920E-004
   1.265896282250504E-004
  -1.466882048806156E-005   3.615384439706132E-004
   1.459698019705000E-004
   9.183843226232227E-005   2.101157792428946E-004
   1.234328890796516E-004
   1.462276925448708E-005   2.809994418516873E-004
   1.256050246443684E-004
   2.775285270384801E-005   2.227384061903778E-004
   1.284371684820383E-004
   3.249880887840843E-005   2.044626077566835E-004
   5.948637808613812E-005
  -1.230589574368882E-005   4.672189894286789E-005
   5.372277867509713E-005
   2.409765592609403E-005   6.848439816984547E-005
