
               COMPENSAÇÃO GEODESICA DA REDE : REDE BOTANICO                      
           DATUM : LOCAL              ELIPSÓIDE  :NULO    

                   PROJECÇÃO CARTOGRÁFICA : NULA  

               PARA O PONTO CENTRAL DE    0  0   .000
                                          0  0   .000


                13 PONTOS LIVRES           1 PONTOS FIXOS

            36 DIRECÇÕES     26 COMPRIMENTOS      1 AZIMUTES



        DIRECÇÃO     ME   MV         RESÍDUOS

            1         1 - 100                16.535
            2         1 - 200               -16.726
            3         1 -   2                  .191
            4         2 -   1                 4.127
            5         2 - 100                14.264
            6         2 - 200               -18.391
            7       200 -   1                -7.388
            8       200 - 100                20.308
            9       200 -  11                  .490
           10       200 -  12                 -.477
           11       200 -  13                 -.753
           12       200 -  14                -1.521
           13       200 -  15                -1.169
           14       200 -   2                -9.489
           15       100 -   1                 2.172
           16       100 -  11                 -.120
           17       100 -  12                  .432
           18       100 -  13                  .667
           19       100 -  14                 1.216
           20       100 -  15                 1.063
           21       100 - 200                -2.393
           22       100 -   2                -3.036
           23       200 -   1                22.654
           24       200 -  21                -5.690
           25       200 -  32                -7.871
           26       200 -  33               -10.059
           27       200 -  34                -9.899
           28       200 -  25                -8.189
           29       200 -   2                19.053
           30       100 -   1               -34.194
           31       100 -  21               -15.103
           32       100 -  32               -14.079
           33       100 -  33               -12.944
           34       100 -  34               -13.152
           35       100 -  25               127.732
           36       100 - 200               -38.260


      COMPRIMENTO    ME   MV          RESÍDUOS

            1         1 - 100                  .014
            2         1 - 200                  .011
            3         1 -   2                  .007
            4         2 -   1                  .013
            5         2 - 100                  .016
            6         2 - 200                  .008
            7       200 -  11                  .003
            8       200 -  12                  .005
            9       200 -  13                  .006
           10       200 -  14                  .007
           11       200 -  15                  .006
           12       200 -  21                 -.007
           13       200 -  32                 -.005
           14       200 -  33                  .000
           15       200 -  34                 -.002
           16       200 -  25                 -.029
           17       100 -  11                 -.005
           18       100 -  12                 -.002
           19       100 -  13                 -.001
           20       100 -  14                  .003
           21       100 -  15                  .003
           22       100 - 200                  .001
           23       100 -  21                 -.017
           24       100 -  32                 -.014
           25       100 -  33                 -.010
           26       100 -  34                 -.011


        AZIMUTE      ME   MV          RESÍDUOS

            1       100 -  25              -143.890


            VARIANCIA DA UNIDADE DE PESO = ******

            NUMERO DE GRAUS DE LIBERDADE =    31


                  COORDENADAS COMPENSADAS


      PONTO   DELTA E    DELTA N         E            N

          2     2.5630     .1423        19.6097       -1.8845
         11    -6.0592   -3.2705        -6.6849       39.1664
         12    -6.0500   -2.4601        -2.4949       39.9316
         13    -6.0462   -1.5794         2.0463       40.7959
         14    -6.0475    -.6895         6.6320       41.6998
         15    -6.0576     .2091        11.2616       42.6532
         21    -6.0151   -3.2975        -6.6896       38.9249
         25    -6.0638     .1682        11.2244       42.6175
         32    -6.0221   -2.5815        -2.9919       39.6543
         33    -6.0188   -1.6382         1.8281       40.5823
         34    -6.0275   -1.0049         5.1106       41.2379
        100    -2.4545   -3.2112        -2.7737       20.6134
          1     2.1618   -3.1622         2.1618       -3.1622
        200    PONTO FIXO               16.2754       11.1994
