   2.024970794283613E-005
  -8.600670051238898E-006
   5.264534808487043E-005
  -4.326689220155487E-005
   3.696067567055470E-005
   1.453988033699954E-004
  -1.823696848921040E-005
  -2.627542052182029E-005
  -2.562853722639730E-005
   3.292947699280230E-004
  -4.368737608275597E-005
   3.450918047398818E-005
   1.273795447031304E-004
   1.156803321269033E-005
   1.348649579385292E-004
  -1.067761672039671E-005
  -3.445036114875414E-005
  -2.449031690360536E-005
   1.227567846318379E-004
   4.883100144548773E-007
   2.555221687940070E-004
  -4.318201563322514E-005
   2.907600845651112E-005
   1.184044611272648E-004
   2.773521054429602E-005
   1.175191656784448E-004
   7.099600457280485E-006
   1.305491326078415E-004
  -3.381978008811527E-006
  -3.974944426551835E-005
  -4.269060572275194E-005
   1.138733125138534E-004
  -2.849656183479602E-005
   1.163998316256007E-004
   1.047829026263670E-005
   2.140007799625499E-004
  -4.219660328389892E-005
   2.255567385032554E-005
   1.083750497028878E-004
   4.286938861094809E-005
   1.095751182930052E-004
   2.318879939222044E-005
   1.080314711267275E-004
   4.509165152297753E-006
   1.297588058939154E-004
   3.190415142122433E-006
  -4.239914200166172E-005
  -5.867638254834407E-005
   1.052607959939581E-004
  -4.515345208187942E-005
   1.112409413420944E-004
  -2.884828925256341E-005
   1.140809129265676E-004
   1.665258302396757E-005
   1.987905637742031E-004
  -4.112176547920140E-005
   1.613012904891503E-005
   9.829279084228005E-005
   5.752189366637801E-005
   1.014457054586161E-004
   3.897894938888630E-005
   1.022910804868409E-004
   2.097258310208220E-005
   1.018026088872043E-004
   4.843748224083337E-006
   1.351120998858682E-004
   9.227221797927545E-006
  -4.314910060795605E-005
  -7.316380334669263E-005
   9.716269536416359E-005
  -6.005695470971856E-005
   1.058715941442744E-004
  -4.386882216258832E-005
   1.114902348782415E-004
  -2.692718734616274E-005
   1.151724568523380E-004
   2.588734258991706E-005
   2.011849558371920E-004
  -3.877341838318300E-005
   3.787514681589262E-005
   1.193075767490892E-004
  -4.746672268734584E-006
   1.142820829249721E-004
  -2.329987537939280E-005
   1.061083153024717E-004
  -3.961424662780706E-005
   9.687858236010372E-005
  -5.340602862925875E-005
   8.774108008617302E-005
  -6.546425469932238E-005
   1.265896282250504E-004
  -2.768292089061556E-005
  -2.056750040122797E-005
   1.777902578700680E-005
   8.932062034453368E-005
   2.637463347309223E-005
   8.425633347122924E-005
   3.612068207287450E-005
   7.665693018153894E-005
   4.568041734136186E-005
   6.806855637859791E-005
   5.485745810036140E-005
   5.892013684578103E-005
  -1.466882048806156E-005
   3.615384439706132E-004
  -4.288240614672317E-005
   1.887617545602390E-005
   9.862532202131319E-005
   4.001748384906655E-005
   9.910056778462964E-005
   2.342903401753839E-005
   9.770727069404505E-005
   7.323508703780344E-006
   9.538997805869188E-005
  -7.320541013731111E-006
   9.293985843959008E-005
  -2.089701807714708E-005
   8.960115799453255E-005
   8.682093278620072E-005
   1.459698019705000E-004
  -1.774961574527461E-005
  -4.355232270685984E-005
  -7.350350480703210E-006
   1.015388914135381E-004
   1.249274521122864E-006
   1.042691891061633E-004
   1.369243738311459E-005
   1.025850613752380E-004
   2.736175233650525E-005
   9.783876131045652E-005
   4.108107268485431E-005
   9.096557093052528E-005
  -1.680723431524218E-005
   1.362450717980324E-004
   9.183843226232227E-005
   2.101157792428946E-004
  -4.085454438177819E-005
   3.681059546274120E-005
   1.180504335427257E-004
   2.962180485264470E-006
   1.141836919223925E-004
  -1.617624653445439E-005
   1.070843395945015E-004
  -3.319911059985569E-005
   9.876983880139878E-005
  -4.765200240378533E-005
   9.044105468351844E-005
  -6.030657453879304E-005
   1.123657995885459E-004
   2.692710708667911E-005
   9.810534710351013E-005
  -3.424710946389909E-006
   1.234328890796516E-004
  -2.036176447719598E-005
  -2.905263543409753E-005
  -8.073566240337475E-007
   8.943288955299372E-005
   7.944675166138030E-006
   8.833192887953517E-005
   1.878678007139193E-005
   8.410832116045621E-005
   2.991085407680519E-005
   7.817050913102500E-005
   4.077144720093165E-005
   7.113362359159572E-005
  -1.091644513664229E-005
   1.509636766076992E-004
   6.658644131673185E-005
   1.354438176724950E-004
   1.462276925448708E-005
   2.809994418516873E-004
  -4.187124715436506E-005
   3.197700281896596E-005
   1.122401649733818E-004
   1.446692661774350E-005
   1.098715662707834E-004
  -4.213336956908633E-006
   1.045593865994359E-004
  -2.121195451417779E-005
   9.803392055027774E-005
  -3.588673738192863E-005
   9.141836371181666E-005
  -4.891142472468075E-005
   1.055645565795005E-004
   4.857089046924574E-005
   1.037728819979762E-004
   1.497329985935249E-005
   1.094496026903865E-004
   2.788923459505504E-005
   1.256050246443684E-004
  -1.227827591039874E-005
  -3.616263268250017E-005
  -1.986309854370133E-005
   8.659036143821703E-005
  -1.119667408884060E-005
   8.951592288871207E-005
   4.156053651947890E-007
   8.885351865380035E-005
   1.276126284572687E-005
   8.582649692219060E-005
   2.497275770588855E-005
   8.121199295740409E-005
  -2.905809414480765E-005
   1.336792493783535E-004
   4.414030955807915E-005
   1.309105797804681E-004
  -1.352700337924118E-005
   1.310749295861767E-004
   2.775285270384801E-005
   2.227384061903778E-004
  -4.206953664919773E-005
   2.767538435786863E-005
   1.072997770006613E-004
   2.267477595597844E-005
   1.058995989941185E-004
   4.691958179283546E-006
   1.018892457306685E-004
  -1.199173180189596E-005
   9.674487893734978E-005
  -2.662215322803267E-005
   9.148695677158730E-005
  -3.978280385577823E-005
   9.997712075679582E-005
   6.129164688181513E-005
   1.058590513183588E-004
   2.763754953310373E-005
   1.054670777829811E-004
   4.068800203122313E-005
   1.071379076283785E-004
   1.843322116942575E-005
   1.284371684820383E-004
  -7.669906585405143E-006
  -3.903667710336425E-005
  -3.030239107569412E-005
   8.366529240343382E-005
  -2.175516359490002E-005
   8.870203503962159E-005
  -9.877847470451278E-006
   8.998119078086783E-005
   2.945084069267333E-006
   8.860985667649700E-005
   1.569989653001332E-005
   8.543489800638716E-005
  -3.920215546761008E-005
   1.237618148461718E-004
   3.149938234771803E-005
   1.270023152030859E-004
  -2.497970847751075E-005
   1.240693795274121E-004
  -6.379508928330553E-006
   1.216241411475848E-004
   3.249880887840843E-005
   2.044626077566835E-004
  -2.215744306041193E-005
   3.875826962073662E-005
   7.992299720452555E-005
  -2.577750455388118E-005
   7.497896937869399E-005
  -3.905784585742544E-005
   6.685883559335023E-005
  -4.966059391194409E-005
   5.764685191672977E-005
  -5.768450296438675E-005
   4.847572605801177E-005
  -6.391295618060349E-005
   7.548931582712833E-005
  -1.432898987245857E-005
   5.007932549057179E-005
  -3.863320384959707E-005
   7.322846710790624E-005
  -2.717961129804998E-005
   6.650778917369894E-005
  -3.926889104131785E-005
   6.093227431025036E-005
  -4.527532139909881E-005
   5.948637808613812E-005
  -1.295799370580100E-005
  -2.346637833899477E-005
   1.332462046302983E-005
   5.379599022361201E-005
   1.613389043292384E-005
   5.460316389157798E-005
   2.143646120142413E-005
   5.285985700516091E-005
   2.782479760188432E-005
   4.917555360376519E-005
   3.449927358705169E-005
   4.406897886417557E-005
   8.432477028770273E-006
   5.126949744423178E-005
   3.090907254171603E-005
   7.099175424079794E-005
   1.046311039273619E-005
   5.346103434015241E-005
   1.574870818833299E-005
   5.362785679491713E-005
   2.034100043592667E-005
   5.246915670138112E-005
  -1.230589574368882E-005
   4.672189894286789E-005
   4.016321192601957E-006
   4.148159688685686E-005
   1.398615069985855E-005
  -5.192925438755197E-005
   9.690585368487163E-006
  -5.577301273373842E-005
   2.625476899362976E-006
  -5.648401237262787E-005
  -5.316000095684905E-006
  -5.476305959807766E-005
  -1.312621672692775E-005
  -5.132938183563686E-005
   1.670900532873751E-005
  -5.073797016739930E-005
  -1.189234319551543E-005
  -6.988264840390875E-005
   1.317653305687514E-005
  -5.502299217220720E-005
   5.873637292147055E-006
  -5.697657249388164E-005
   1.303438315025091E-007
  -5.667764188812966E-005
   3.066800271588062E-005
  -3.931164298066801E-005
   5.372277867509713E-005
  -2.849048823494101E-005
   4.360098948873851E-005
   8.189968700782732E-005
   3.112701461563044E-007
   8.001719751025364E-005
  -1.470549697474619E-005
   7.494261658568681E-005
  -2.736267278115454E-005
   6.858237959453680E-005
  -3.732138615367600E-005
   6.220802870653304E-005
  -4.534052133476383E-005
   7.685203729133611E-005
   1.525425835127307E-005
   6.574276155116499E-005
  -1.207916312093961E-005
   7.794128599738493E-005
   4.474976535851345E-007
   7.501494173893241E-005
  -1.427507627585754E-005
   7.178240273100841E-005
  -2.186828493027415E-005
   5.633270716533260E-005
  -9.214680332706994E-007
   2.409765592609403E-005
   6.848439816984547E-005
