   7.651080538674666E-004
   1.889337888759382E-005   1.051143857673758E-003
   1.742752991712065E-003
  -3.196902624001417E-004   1.908386492140929E-003
   3.443997666270598E-003
  -7.802857253874291E-004   2.952028433256571E-003
   2.807309400615521E-003
  -4.654995415193707E-004   3.328668072698409E-003
   3.854492585992497E-003
   2.586749243383224E-005   4.482026016926821E-003
   3.859208928873061E-003
  -5.893219408291396E-004   2.535384801366937E-003
   8.642799254436803E-003
   1.058586019422208E-003   5.865411732830874E-003
   2.840077323434045E-003
  -3.781620877992747E-004   2.904375873428367E-003
   4.569809746473199E-003
  -8.969050622794830E-004   4.123518307529224E-003
   2.959536920639670E-003
   2.155268155517897E-004   1.760450484755118E-003
   1.520715531654509E-003
  -2.288926017278503E-004   1.204063185759302E-003
   1.684284398683446E-003
   3.064038240733754E-004   1.189722972212463E-003
   1.955965645071430E-004
   7.800105967651984E-005   5.008662146032153E-004
   1.288037200190264E-001
   8.838159708985556E-003   4.051978719518940E-003
   2.520137232270469E-003
   4.689480431944123E-005   1.560242163218712E-003
   1.127083088996694E-003
   7.966221866704429E-006   6.865374503831019E-004
   1.080151650517306E-002
   1.339727206973943E-003   7.316967037983542E-003
   1.195514906430639E-002
   1.479006330302181E-003   8.556721093394559E-003
   1.199592616235045E-002
   1.788410259012149E-003   8.508707861447366E-003
   1.596418612929992E-002
   4.523644700355402E-003   1.295281631471806E-002
   1.418496239753993E-002
   6.612140379759286E-004   1.076361277291692E-002
   4.317034447162973E-003
   3.911796818180914E-004   4.246522503545488E-003
   9.944434980893112E-003
   1.443894228363748E-003   7.526944919692504E-003
   8.478727786000341E-003
   1.385469787474443E-003   7.641934206018509E-003
   2.082244139296887E-003
   1.567698265928792E-004   2.227399704240624E-003
   9.103701445860946E-003
   1.293719571121182E-003   4.694256885176107E-003
   1.012469150511244E-002
   1.442944226894902E-003   6.749905062735700E-003
