   1    11742.41  -283760.63     .0324     .0276     176.2
   2    12391.30  -287702.72     .0464     .0387      37.7
   3    11711.09  -291768.33     .0634     .0488     143.7
   4     8022.73  -289247.82     .0600     .0503      30.4
   5     6529.08  -289854.20     .0670     .0621     177.6
   6    15324.56  -292748.70     .0639     .0481     159.2
   7    -2867.24  -282401.46     .0949     .0742      18.7
   8    20696.17  -289504.95     .0570     .0499      42.6
   9    22394.71  -291854.76     .0726     .0585     142.0
  10    21874.56  -283693.06     .0547     .0415       9.9
  11    17796.21  -284937.47     .0405     .0329     152.3
  12    19688.53  -278362.35     .0428     .0323      25.5
  13    13422.40  -280906.39     .0228     .0133     166.5
  14     1946.14  -278644.07     .3598     .0586       4.0
  15     6410.85  -278553.99     .0502     .0395       2.8
  16     9571.96  -278594.10     .0336     .0262       1.0
  17    -5978.30  -281302.55     .1061     .0828      18.8
  18    -8564.78  -283226.27     .1118     .0895      20.5
  19    -8373.54  -278925.11     .1129     .0881      22.9
  20   -12208.54  -286012.25     .1387     .0984      35.8
  21   -10128.02  -276349.74     .1196     .1032      10.6
  22     2602.70  -285739.04     .0684     .0624      42.4
  23    -4469.59  -285149.59     .1030     .0828      25.0
  24    -2549.99  -286734.95     .0975     .0813      36.6
  25     6404.28  -283568.74     .0482     .0445     147.4
  26     -473.35  -278906.96     .0972     .0659      15.2
  27    -3270.85  -277325.95     .1032     .0788      20.3
