   7.651080538674666E-004
   1.889337888759382E-005
   1.051143857673758E-003
   1.022870462582047E-003
  -3.013083307260140E-004
   1.742752991712065E-003
   8.934561009550025E-005
   1.166094389469309E-003
  -3.196902624001417E-004
   1.908386492140929E-003
   1.293782500025733E-003
  -5.524004630758823E-004
   2.305588160736924E-003
  -6.201796981315320E-004
   3.443997666270598E-003
   1.430686821636927E-004
   1.374774041527125E-003
  -3.919564505903495E-004
   2.112158677167212E-003
  -7.802857253874291E-004
   2.952028433256571E-003
   1.247128850950273E-003
  -1.155081155085020E-004
   1.887943919062565E-003
   4.678877315803919E-005
   2.563913518228957E-003
   4.118223205981329E-004
   2.807309400615521E-003
  -1.603124404392956E-004
   1.560269779373802E-003
  -9.136157359899005E-004
   2.277674492847090E-003
  -1.542708123748427E-003
   2.789233144641048E-003
  -4.654995415193707E-004
   3.328668072698409E-003
   1.314282320320737E-003
   8.142041781641234E-005
   1.882960942821567E-003
   3.380534229946740E-004
   2.494827119502814E-003
   7.300082583644625E-004
   2.807359133974652E-003
  -7.190254940930455E-005
   3.854492585992497E-003
  -2.467606975912053E-004
   1.763536089844755E-003
  -1.151867214267284E-003
   2.528149887420606E-003
  -1.934954775965127E-003
   3.053299983254570E-003
  -7.596262941121052E-004
   3.775958915644949E-003
   2.586749243383224E-005
   4.482026016926821E-003
   1.190565297995097E-003
  -8.266524118013660E-004
   2.236351344114264E-003
  -9.822202932274296E-004
   3.135659733384030E-003
  -1.349808389016425E-003
   2.234905290221223E-003
  -2.015942555883820E-003
   2.130513595660751E-003
  -2.411979994797723E-003
   3.859208928873061E-003
   3.929170088966465E-004
   1.146469027168949E-003
   1.550506971809531E-004
   1.815041032281504E-003
   1.761254782720206E-004
   2.456469738749771E-003
   9.114532305483530E-004
   2.117831912356882E-003
   1.174758129776463E-003
   2.249354417806277E-003
  -5.893219408291396E-004
   2.535384801366937E-003
   1.109743295637566E-003
   1.396955081855985E-003
   9.039723356973734E-004
   2.208156752714370E-003
   8.026143453019172E-004
   2.957520673260111E-003
   2.014584088011049E-003
   2.891246378382344E-003
   3.191535229245682E-003
   3.496738119623996E-003
   1.630612705226145E-004
   2.697684155235251E-003
   8.642799254436803E-003
  -9.092861584995481E-004
   1.574773930149253E-003
  -1.976273503473044E-003
   1.755434627127806E-003
  -2.958513097979941E-003
   1.950269559150788E-003
  -2.182381563214410E-003
   2.964804704974323E-003
  -2.120716241555461E-003
   3.508253596244084E-003
  -3.153762373977136E-003
   1.072745952239313E-003
   1.058586019422208E-003
   5.865411732830874E-003
   8.278463989235528E-004
  -9.153895775883095E-004
   1.618963158093999E-003
  -1.284668253845071E-003
   2.198435608185203E-003
  -1.608965680529141E-003
   1.469059626131521E-003
  -2.017045214060492E-003
   1.344482194403707E-003
  -2.322833058797751E-003
   2.739632942954600E-003
  -1.149285642409573E-003
  -4.150832027265840E-004
  -2.607373424570098E-003
   2.840077323434045E-003
   5.956975346112079E-004
   8.345797294271696E-004
   5.997351676315816E-004
   1.365357542878602E-003
   8.614235143935263E-004
   1.856791036290575E-003
   1.296026706419702E-003
   1.378891143556678E-003
   1.505813044150629E-003
   1.399230773255737E-003
   2.474807315635973E-004
   2.196813073026924E-003
   2.357776008565936E-003
   2.022663122727515E-004
  -3.781620877992747E-004
   2.904375873428367E-003
   8.490521701005142E-004
  -9.219848500697988E-004
   1.629220387923474E-003
  -1.311950553549694E-003
   2.178138342984619E-003
  -1.613765448014216E-003
   1.493302728895028E-003
  -2.017883530972257E-003
   1.377188139617909E-003
  -2.317648018348823E-003
   2.649089875758678E-003
  -1.200959358934513E-003
  -3.590991632168875E-004
  -2.629376436037527E-003
   2.980143316406901E-003
   1.593474687345151E-004
   4.569809746473199E-003
   7.550102348395087E-004
   7.141302981738478E-004
   9.440868898456601E-004
   1.266512606814907E-003
   1.427880088088630E-003
   1.674830479395441E-003
   1.645914479300982E-003
   1.053543326298967E-003
   1.826000780776628E-003
   9.934634664840385E-004
   9.947352410073925E-004
   2.259947735284668E-003
   2.304458588816497E-003
  -3.101610442630755E-004
  -1.242588695639451E-004
   2.599336919621681E-003
  -8.969050622794830E-004
   4.123518307529224E-003
   7.553923201242525E-004
  -9.684282152145947E-004
   1.521468289749222E-003
  -1.383277254530711E-003
   2.045342871746778E-003
  -1.753300891939209E-003
   1.301066174699110E-003
  -2.089580088977098E-003
   1.164517455046191E-003
  -2.383885802859836E-003
   2.639291875243208E-003
  -1.363171006214720E-003
  -6.099376146029754E-004
  -2.546201355942966E-003
   2.807265707858736E-003
  -7.866378121669593E-004
   2.800778730822339E-003
  -4.621601223269227E-004
   2.959536920639670E-003
   6.491331529598262E-004
   4.798170071028003E-004
   8.222497908876522E-004
   8.520866144682364E-004
   1.120750277432153E-003
   1.046834383452108E-003
   1.277011587288378E-003
   6.672701111317577E-004
   1.432843463776867E-003
   6.326679291308490E-004
   8.733971976671316E-004
   1.324786713072906E-003
   1.773788985000978E-003
  -3.669351186845398E-004
   3.247481363775862E-004
   1.553996890323202E-003
   3.918988854110191E-004
   1.713219711389893E-003
   2.155268155517897E-004
   1.760450484755118E-003
   6.770474125306069E-004
  -5.997160523510325E-004
   1.258796394116933E-003
  -8.645144510570404E-004
   1.692607283354676E-003
  -1.016584057217071E-003
   1.216158402365314E-003
  -1.367614032908044E-003
   1.140496924085798E-003
  -1.589209110293628E-003
   2.003071282642140E-003
  -6.579778547647177E-004
  -7.870907309690498E-005
  -1.889642322753346E-003
   1.920728466503550E-003
  -1.189507254431085E-004
   1.999728585376657E-003
   4.990584041431204E-005
   1.899258674469766E-003
   2.219523957691207E-004
   1.520715531654509E-003
   3.987659963724371E-004
   7.429599857125137E-004
   3.369296308814987E-004
   1.162465788640274E-003
   4.302224910903521E-004
   1.434256809159175E-003
   7.886066200169094E-004
   1.217405466094330E-003
   9.762423814615276E-004
   1.280308449017902E-003
   6.433502360888801E-005
   1.535352041068519E-003
   1.820539072089842E-003
   4.457104671113410E-004
  -3.983922770171402E-004
   1.532014211447022E-003
  -3.609914561052354E-004
   1.574576151180035E-003
  -5.476990207055640E-004
   1.197203278967716E-003
  -2.288926017278503E-004
   1.204063185759302E-003
   3.218557145333506E-004
  -5.442947177038490E-004
   7.048323940274935E-004
  -8.886602505621869E-004
   9.006671741557971E-004
  -1.125299078747935E-003
   4.772105252221480E-004
  -1.204155402927853E-003
   3.815551323540658E-004
  -1.344574418034581E-003
   1.293809914769869E-003
  -1.008107217098139E-003
  -6.014734691134204E-004
  -1.208210697577774E-003
   1.568262762294371E-003
  -7.725528253070999E-004
   1.540519013437100E-003
  -6.554158072505897E-004
   1.706863274944462E-003
  -2.541365889020156E-004
   1.141750828357862E-003
  -5.423586594439351E-004
   1.684284398683446E-003
   5.885929503099957E-004
  -2.655697218328584E-004
   9.683535468154911E-004
  -2.369719631347767E-004
   1.325535525151450E-003
  -2.775230590397838E-004
   1.111176805918944E-003
  -6.110225567170104E-004
   1.128057994206679E-003
  -7.506082897144960E-004
   1.411412764265621E-003
   2.598843664108232E-005
   5.511907231629053E-004
  -1.318701481324977E-003
   1.172624040122174E-003
   3.687479240126945E-004
   1.204611174356598E-003
   5.716883552052494E-004
   1.152748955031671E-003
   7.092816611447267E-004
   8.019935999484686E-004
   2.589652987429720E-004
   3.064038240733754E-004
   1.189722972212463E-003
   3.110201877253181E-004
  -6.031536724024299E-006
   4.277866491105211E-004
   3.318226255596487E-005
   5.476863043860825E-004
   5.787538510737386E-005
   5.248658691696485E-004
  -7.254179198978958E-005
   5.550217913238252E-004
  -1.084557592440370E-004
   5.280377850499186E-004
   1.617438534021792E-004
   4.578329834081372E-004
  -3.839677088903620E-004
   4.006861571999145E-004
   2.684567517758090E-004
   4.178357403673339E-004
   3.272709421450192E-004
   3.700563375186220E-004
   2.954158748615645E-004
   3.325247580409355E-004
   1.838617399719983E-004
   1.719751170181557E-004
   2.787430269387750E-004
   1.955965645071430E-004
   4.546774919895312E-005
   5.173822744002669E-004
  -7.284438935305621E-005
   6.010586515858648E-004
  -1.609861169852500E-004
   7.159144712536121E-004
   4.781074086406793E-005
   7.666767728341511E-004
   1.424749423402493E-004
   8.536841356937100E-004
  -2.838135845909871E-004
   6.291434953728005E-004
   7.066350352095998E-004
   7.347977125692870E-004
  -3.309127798008656E-004
   5.208523066921130E-004
  -3.226636854977860E-004
   4.624291910830787E-004
  -3.688604850538074E-004
   3.289000148970515E-004
  -1.737938700874134E-004
   4.494403292042138E-004
  -1.748353340992675E-004
  -9.179652849962294E-005
   7.800105967651984E-005
   5.008662146032153E-004
   3.384969051769056E-004
   4.578172077264892E-004
   2.569749067451496E-004
   5.566621755342147E-004
   2.106922151005792E-004
   7.779071330324142E-004
   5.857405083909284E-004
   7.620155260133636E-004
   6.775430781115478E-004
   8.466757258331520E-004
   2.241492182784373E-005
   6.947795578720094E-004
   2.915693845975065E-003
  -7.837829191806186E-004
  -1.029758843005660E-004
   5.837497416822505E-004
  -9.222521401632015E-005
   5.565767616590960E-004
  -1.488600910668591E-004
   4.188117823482168E-004
   5.262393497699481E-006
   4.606604659698740E-004
  -9.446472609481971E-005
   8.391054973134561E-005
   1.583998102488223E-004
   3.072455382188231E-004
   1.288037200190264E-001
  -8.882897632302134E-004
   9.962159557773327E-004
  -1.668301196695244E-003
   9.799794978876172E-004
  -2.395461759864890E-003
   1.013329442483747E-003
  -1.993580847301691E-003
   1.779646828375623E-003
  -2.143136774987727E-003
   2.080120173230734E-003
  -2.454854847829044E-003
   3.915433534347260E-004
  -5.647793268960386E-004
   3.904344939685591E-003
  -1.949385521572802E-003
  -2.239546762799088E-004
  -1.980265666621079E-003
  -6.036834499427345E-004
  -1.872740611321194E-003
  -5.801055048676531E-004
  -1.443181423750195E-003
   4.727902510657594E-005
  -8.231638824660940E-004
  -1.134794390813460E-003
  -3.655280054843715E-004
   4.955323485858635E-004
   8.838159708985556E-003
   4.051978719518940E-003
   6.238628271532741E-004
   8.605169990672802E-004
   4.701615475102339E-004
   1.213649827163439E-003
   3.771165068954744E-004
   1.634727364608983E-003
   1.083142389244028E-003
   1.631162431998006E-003
   1.512484522417556E-003
   1.908030812335823E-003
   1.989711871912474E-005
   1.464856026732099E-003
   3.399890782349904E-003
   1.260650910232156E-003
  -2.583691178370540E-004
   1.252511288571993E-003
  -2.286184353654613E-004
   1.201546411116485E-003
  -3.577873406635890E-004
   9.252985819819201E-004
  -5.301295289469783E-005
   9.832295641447626E-004
  -2.995456368889110E-004
   2.430436809908146E-004
   2.677537107107525E-004
   4.724809573329202E-004
   1.916010355149795E-003
   4.511626818125608E-004
   2.520137232270469E-003
  -6.495373070284770E-004
   6.770298422596532E-004
  -1.174783990358651E-003
   6.557051301719840E-004
  -1.660680768123811E-003
   6.720937241214282E-004
  -1.404291006813194E-003
   1.175686071160602E-003
  -1.482401116348188E-003
   1.371784633756840E-003
  -1.707333032347577E-003
   2.592670563533015E-004
  -6.061705229268871E-004
   2.475451822908525E-003
  -1.367897238960961E-003
  -1.615609156568087E-004
  -1.394647799544161E-003
  -4.151699135395193E-004
  -1.316814197435694E-003
  -4.175158790075260E-004
  -1.012687012568813E-003
   2.354728723879689E-005
  -5.727188957056730E-004
  -8.168447336595389E-004
  -2.625716172626610E-004
   3.652894292931961E-004
   4.790433176115714E-004
   2.179162511659242E-003
   4.689480431944123E-005
   1.560242163218712E-003
   4.057551805013004E-004
   6.524411943997502E-004
   2.638909016536007E-004
   8.240716010529379E-004
   1.749762096419065E-004
   1.044048625956459E-003
   5.604983823323222E-004
   1.077830624573771E-003
   7.826244828278175E-004
   1.235424726393975E-003
  -4.207770019399638E-005
   9.345243689369986E-004
   1.852689805783101E-003
   8.414169181526285E-004
  -2.011514332259373E-004
   7.875374340497125E-004
  -1.858373428279301E-004
   7.447481715836962E-004
  -2.598250983787788E-004
   5.773226858263139E-004
  -5.343456711217812E-005
   6.437035914438430E-004
  -1.760834504317157E-004
   1.097437151795967E-004
   1.916363427089459E-004
   4.075110726704409E-004
   8.827081752965064E-004
   3.732012050955722E-004
   1.276136179596885E-003
   1.714536787228478E-004
   1.127083088996694E-003
  -4.429327084601111E-004
   4.195127323538544E-004
  -7.633995487383131E-004
   3.953117290156964E-004
  -1.058397096368559E-003
   3.961044897202688E-004
  -9.196705609592642E-004
   6.970427734246489E-004
  -9.645643000117904E-004
   8.085426892589358E-004
  -1.088912790136618E-003
   1.494890507935125E-004
  -5.011300437590218E-004
   1.409173779744682E-003
  -8.793907046538691E-004
  -1.106140316342199E-004
  -9.000070395869554E-004
  -2.649892449928588E-004
  -8.483298947455598E-004
  -2.792307571657288E-004
  -6.505026571758208E-004
   6.672836449891159E-006
  -3.607573096614145E-004
  -5.459222068523144E-004
  -1.729269840739084E-004
   2.579094120821194E-004
   5.750759333309110E-005
   1.264245347686809E-003
  -1.451585444056233E-004
   9.584026960760591E-004
   7.966221866704429E-006
   6.865374503831019E-004
   1.118117347255015E-003
   1.598940842989868E-003
   8.201198785685234E-004
   2.478470732578016E-003
   6.378018553038851E-004
   3.286817730858616E-003
   1.980636912113187E-003
   3.297534969224035E-003
   3.229668983895791E-003
   3.983472198351852E-003
  -5.185666968202659E-005
   2.944474061948205E-003
   9.443603965447954E-003
   1.490369595444707E-003
  -6.245650654781758E-004
   2.521410049558406E-003
  -5.649180700849274E-004
   2.426021054053005E-003
  -8.267001660904848E-004
   1.864334078853292E-003
  -2.184081223040393E-004
   1.969065475500239E-003
  -7.291271746998508E-004
   5.024224224853531E-004
   4.575679331407772E-004
   7.891665273515040E-004
   4.015155094566730E-003
  -4.063585753360505E-004
   3.687107678868962E-003
  -5.388932071741492E-004
   2.017825579075038E-003
  -4.666606727369385E-004
   1.080151650517306E-002
  -1.014300954778430E-003
   1.661688764819788E-003
  -2.169041953000825E-003
   1.823975317789714E-003
  -3.237069243781399E-003
   2.009349888627704E-003
  -2.432720318973012E-003
   3.121718259058934E-003
  -2.437197946667147E-003
   3.687311205370312E-003
  -3.422597821651361E-003
   1.061412015592834E-003
   9.983730271162904E-004
   6.438973520295817E-003
  -2.802682913048072E-003
   1.285114960687583E-004
  -2.826850382852567E-003
  -4.289646484277186E-004
  -2.727900704285498E-003
  -4.630822564996530E-004
  -2.038385389645555E-003
   4.151866612463063E-004
  -1.281172171612580E-003
  -1.443279978935235E-003
  -4.282363495505138E-004
   7.693355391669301E-004
  -1.271179616580788E-003
   4.311465646848482E-003
   1.353231015477095E-003
   2.709996484121203E-003
   8.851946100621733E-004
   1.530034017839950E-003
   1.339727206973943E-003
   7.316967037983542E-003
   1.174522160799546E-003
   1.622967041131196E-003
   8.902274303025284E-004
   2.533902130270515E-003
   7.243802493452657E-004
   3.366675337370125E-003
   2.096537010409888E-003
   3.353495010972818E-003
   3.401364449893566E-003
   4.054438787003222E-003
   1.307949020254840E-005
   3.032585908536058E-003
   9.777759210397688E-003
   1.312624128678971E-003
  -5.950822919055501E-004
   2.613520431381956E-003
  -5.330882736531589E-004
   2.526927132895541E-003
  -8.065437493537584E-004
   1.943517844613526E-003
  -1.893115937448248E-004
   2.034275270200459E-003
  -7.344909572640234E-004
   5.495355781677183E-004
   4.800290326617852E-004
   7.993108702245986E-004
   4.528074380065200E-003
  -5.654145275467892E-004
   3.737115231255979E-003
  -6.367247102006789E-004
   2.051045734017895E-003
  -5.167661772507198E-004
   1.123279804378476E-002
   1.056816957411985E-003
   1.195514906430639E-002
  -1.064075213010049E-003
   1.779216424507764E-003
  -2.296754882882056E-003
   1.957637633722122E-003
  -3.437619216432617E-003
   2.159922005080102E-003
  -2.571038401883343E-003
   3.349750250649419E-003
  -2.581791975890404E-003
   3.956231278556195E-003
  -3.636628777548109E-003
   1.146273021367975E-003
   1.251691982592626E-003
   6.893696689689676E-003
  -2.977758139711756E-003
   1.514644799130379E-004
  -3.001665750198412E-003
  -4.440999093643332E-004
  -2.898807830226215E-003
  -4.782187235805644E-004
  -2.164446480805377E-003
   4.543021075251676E-004
  -1.364733404368701E-003
  -1.523800573871394E-003
  -4.505899827382666E-004
   8.169228974138408E-004
  -1.071020515469302E-003
   4.575252776957507E-003
   1.504525170080631E-003
   2.852665538188380E-003
   9.676683430418540E-004
   1.603435328533665E-003
   1.734034722578692E-003
   7.823854144868964E-003
   1.479006330302181E-003
   8.556721093394559E-003
   1.088800063869251E-003
   1.715991817106813E-003
   7.219795664035294E-004
   2.621532223958055E-003
   4.764847926652639E-004
   3.453548786987629E-003
   1.887083706396674E-003
   3.529445923659241E-003
   3.150060449808955E-003
   4.259306379571166E-003
  -2.326690585164912E-004
   3.052001407608393E-003
   9.740200902756152E-003
   1.905871234377699E-003
  -7.800212406477376E-004
   2.571960122707349E-003
  -7.194138369930772E-004
   2.443591759116937E-003
  -9.811966786757874E-004
   1.874910682955818E-003
  -3.279002676588915E-004
   2.026207455223478E-003
  -8.095601870486172E-004
   4.414820776126830E-004
   4.435706925842514E-004
   8.368986886400321E-004
   4.507216525277384E-003
  -2.024210784276347E-004
   3.843418246163876E-003
  -4.344064498133315E-004
   2.105362585330902E-003
  -4.132438177005148E-004
   1.124436944743813E-002
   1.797387062254715E-003
   1.180205853307053E-002
   2.295499716473993E-003
   1.199592616235045E-002
  -1.081637883695080E-003
   1.723142634201921E-003
  -2.295372183982969E-003
   1.875696152696237E-003
  -3.420797130839396E-003
   2.056684594643484E-003
  -2.594596122586967E-003
   3.234055148497313E-003
  -2.639038182278295E-003
   3.816279155812142E-003
  -3.601525939305067E-003
   1.061159169911441E-003
   9.757620628623188E-004
   6.820067689631502E-003
  -2.934238862403312E-003
   8.576434856643132E-005
  -2.959707281328027E-003
  -5.018377584661102E-004
  -2.850923247160951E-003
  -5.223348784160087E-004
  -2.138015843984204E-003
   3.997648531176813E-004
  -1.331751429261970E-003
  -1.524783477603198E-003
  -4.567218781499993E-004
   7.938573821543092E-004
  -1.546580384619480E-003
   4.579067229877257E-003
   1.420808747264264E-003
   2.863124597548174E-003
   9.179626834311020E-004
   1.608793040455284E-003
   1.341589588486731E-003
   7.788761139211123E-003
   9.814700499517631E-004
   8.429903444190916E-003
   1.788410259012149E-003
   8.508707861447366E-003
   1.149708554011165E-003
   1.858349866572269E-003
   7.419902957305922E-004
   2.836483178373114E-003
   4.648878581997677E-004
   3.727682996396294E-003
   1.982092326763244E-003
   3.825626652968974E-003
   3.344267753238769E-003
   4.618734711486392E-003
  -2.952445764624092E-004
   3.285361054829456E-003
   1.051237233410254E-002
   2.028195736868865E-003
  -8.745099567590962E-004
   2.760094844797383E-003
  -8.093573724710491E-004
   2.615520494502398E-003
  -1.089245281541413E-003
   2.007026370343156E-003
  -3.815577710793877E-004
   2.178648344141961E-003
  -8.903988637073699E-004
   4.595605768136005E-004
   4.657707709783898E-004
   8.955491373260514E-004
   5.847737331346127E-003
  -2.654022069747943E-004
   4.060252232473353E-003
  -4.925457525834089E-004
   2.235546226638159E-003
  -4.428795001502377E-004
   1.242586832988993E-002
   1.761888797507741E-003
   1.324036905946908E-002
   2.372056469190183E-003
   1.329560160438587E-002
   1.721602829517573E-003
   1.596418612929992E-002
  -1.167391221981766E-003
   2.051012232892760E-003
  -2.575758340600126E-003
   2.274901717863933E-003
  -3.880229734258312E-003
   2.520923278860399E-003
  -2.865095228244839E-003
   3.883651070108971E-003
  -2.875070732408614E-003
   4.588589946573843E-003
  -4.114268998533966E-003
   1.358096266824805E-003
   1.803707728084046E-003
   8.002786801213286E-003
  -3.373188550815455E-003
   2.221440851174603E-004
  -3.396012470761729E-003
  -4.589551571130962E-004
  -3.286552643835656E-003
  -4.974590149806022E-004
  -2.447680764674813E-003
   5.564792568086651E-004
  -1.557542662908547E-003
  -1.698948597925013E-003
  -4.973822908443899E-004
   9.274828698998374E-004
  -1.362167605420597E-004
   5.157214733512436E-003
   1.856134592113560E-003
   3.160865493836458E-003
   1.162166101774317E-003
   1.761675854498329E-003
   2.728013274617119E-003
   9.028624863905212E-003
   2.483041300651820E-003
   1.001001958925611E-002
   3.605548488856257E-003
   9.755576474915479E-003
   4.523644700355402E-003
   1.295281631471806E-002
   1.099917698095259E-003
   1.834034093453331E-003
   6.816935393982903E-004
   2.783244817760659E-003
   3.915134363768258E-004
   3.651994873107069E-003
   1.880738917014565E-003
   3.769539263415228E-003
   3.192777769989141E-003
   4.547991359475632E-003
  -3.488278789428821E-004
   3.203848426153522E-003
   1.020765453404308E-002
   2.168654726377579E-003
  -8.970717133171176E-004
   2.676436992883828E-003
  -8.340713187666538E-004
   2.524865783961228E-003
  -1.103495369436132E-003
   1.935896728172437E-003
  -4.049058050144332E-004
   2.118877912538368E-003
  -8.836187836522735E-004
   4.188564253668421E-004
   4.459859642341638E-004
   8.853141714059833E-004
   5.335401235199843E-003
  -1.270874663545711E-004
   4.012268971272843E-003
  -4.069591557648272E-004
   2.203688417623356E-003
  -3.992192211570675E-004
   1.196880873279226E-002
   2.016660971674929E-003
   1.264831155397912E-002
   2.624968203978425E-003
   1.281590172029569E-002
   2.057578291314495E-003
   1.481649827305228E-002
   4.440265440132938E-003
   1.418496239753993E-002
  -1.187562329300752E-003
   1.688808732591987E-003
  -2.431798727094969E-003
   1.784594460153885E-003
  -3.592278166568561E-003
   1.922403442562270E-003
  -2.814939628015896E-003
   3.148502489217169E-003
  -2.962217822280081E-003
   3.705712422487786E-003
  -3.734805911897069E-003
   9.073379052104981E-004
   4.185063642188977E-004
   7.133486741650551E-003
  -3.000421674959922E-003
  -7.973793127411688E-005
  -3.030174951373059E-003
  -6.859890332218051E-004
  -2.899879604093173E-003
  -6.671316684646218E-004
  -2.199936261759663E-003
   2.843074086924332E-004
  -1.327981378734487E-003
  -1.616214224210958E-003
  -4.991509258377482E-004
   7.790588709220954E-004
  -2.629972021386372E-003
   4.885430664493769E-003
   1.343263447869862E-003
   3.051638714506354E-003
   8.639787483744201E-004
   1.705258133653220E-003
   5.059232084527313E-004
   8.299780827623437E-003
  -8.991071942738585E-005
   8.923332949929273E-003
   9.429654152303264E-004
   9.087177160573359E-003
  -5.110543741228767E-005
   9.882824124213820E-003
   6.612140379759286E-004
   1.076361277291692E-002
   1.160069641935583E-003
   6.925588043566167E-004
   1.308791192065485E-003
   1.315329784622429E-003
   1.525169623537322E-003
   1.889302869234379E-003
   2.309192199169910E-003
   1.508500200610519E-003
   3.336082857858831E-003
   1.855189287185674E-003
   1.034007865571931E-003
   1.938923065471658E-003
   4.939797532580309E-003
  -5.681577198323712E-004
   3.823178626799708E-004
   1.904371738833923E-003
   4.283123053581461E-004
   2.016522343873303E-003
   1.995836018556064E-004
   1.563574435083282E-003
   4.665859886190406E-004
   1.380041914438290E-003
  -1.513829089429024E-004
   7.961844620008008E-004
   4.915417527156602E-004
   4.217882612558611E-004
   1.013730301251790E-003
  -1.308889146156515E-003
   2.419010399295566E-003
  -9.804188084471496E-004
   1.301270967144426E-003
  -6.976920277325253E-004
   5.210291387921145E-003
  -7.863093741550514E-004
   5.407669084911386E-003
  -7.949830492289666E-004
   5.269298554835652E-003
  -9.183037045171154E-004
   5.631680378581022E-003
  -7.625564979211924E-004
   5.452193140232135E-003
  -1.283074219894480E-003
   4.317034447162973E-003
  -5.904784376792522E-004
   1.617240939677862E-003
  -1.531743830954760E-003
   1.940374432230972E-003
  -2.376055682147136E-003
   2.247287725263396E-003
  -1.496666885799243E-003
   3.080205063285180E-003
  -1.139873633565596E-003
   3.666904252207042E-003
  -2.674001519488213E-003
   1.460865521503101E-003
   2.362120941570207E-003
   4.553723376603553E-003
  -2.337553350782013E-003
   6.544265609526715E-004
  -2.348927163419662E-003
   2.153064226440816E-004
  -2.327013117894893E-003
   4.484826830853018E-005
  -1.655539981088462E-003
   7.492003500623004E-004
  -1.178088268038534E-003
  -1.025913676931687E-003
  -2.557668089951728E-004
   7.539910311205475E-004
   5.102766335662757E-004
   2.965186881072263E-003
   1.432002066491778E-003
   1.905326339371442E-003
   9.537004057798273E-004
   1.109779665813635E-003
   2.901626007396838E-003
   4.908464002990366E-003
   2.903639891139222E-003
   5.284627410512778E-003
   3.253475729920593E-003
   5.150915275700539E-003
   3.575819837913282E-003
   6.145415745761530E-003
   3.563894004746616E-003
   5.173144484559530E-003
   3.911796818180914E-004
   4.246522503545488E-003
   1.220546292977661E-003
   1.395274444188628E-003
   1.065257957611036E-003
   2.251409918543222E-003
   1.017217121431093E-003
   3.034869117316558E-003
   2.255038353071793E-003
   2.901252543295068E-003
   3.524823789323727E-003
   3.516017289044023E-003
   3.467475706603589E-004
   2.812361911093863E-003
   9.137293221831769E-003
   5.569796502972656E-004
  -3.038006381390426E-004
   2.501274330131427E-003
  -2.440854029356284E-004
   2.476151901302961E-003
  -5.155085758027713E-004
   1.909650762086838E-003
   1.439338967891312E-005
   1.914006001584112E-003
  -5.802766910504735E-004
   6.575419444224943E-004
   5.027937090375446E-004
   7.064814826527284E-004
   3.510489212622835E-003
  -9.231820910066319E-004
   3.430446589635831E-003
  -8.178883826381372E-004
   1.878238045649788E-003
  -6.097524729203563E-004
   1.008544468920278E-002
   3.470154751533578E-004
   1.053843430465369E-002
   5.534256478263427E-004
   1.035359688168488E-002
   2.323864203182701E-004
   1.127176469287246E-002
   9.678735291403167E-004
   1.086851138222117E-002
  -5.245097695909220E-004
   5.261696165897251E-003
   2.229591981848640E-003
   9.944434980893112E-003
  -9.449110111077951E-004
   1.814649424022384E-003
  -2.141191432973634E-003
   2.054198858966006E-003
  -3.240585278750426E-003
   2.303779957692696E-003
  -2.322000296234408E-003
   3.436554099432138E-003
  -2.219639145022384E-003
   4.068422616898409E-003
  -3.481765415304403E-003
   1.314260597876849E-003
   1.900632069793756E-003
   6.474916663537512E-003
  -2.898780194556521E-003
   3.344772736400775E-004
  -2.918027500844408E-003
  -2.390235582460530E-004
  -2.839097566255589E-003
  -3.170130586960804E-004
  -2.091729401735103E-003
   5.812934744842530E-004
  -1.366178148126569E-003
  -1.419942298444005E-003
  -4.028797739350159E-004
   8.320787477085161E-004
  -1.230737564832709E-004
   4.226438685252764E-003
   1.589364712951245E-003
   2.640412270355032E-003
   1.025440231939155E-003
   1.494470024639127E-003
   2.619821809429240E-003
   7.155365528113219E-003
   2.536349096647302E-003
   7.793260961839030E-003
   3.184188135059118E-003
   7.616407211178970E-003
   3.595175808762362E-003
   9.270391187723878E-003
   3.636920490597660E-003
   7.786338171340914E-003
  -3.988176196853793E-004
   5.244710096127750E-003
   1.443894228363748E-003
   7.526944919692504E-003
   1.266500487843416E-003
   1.140606592647814E-003
   1.252616944311325E-003
   1.937910637028519E-003
   1.333634148265072E-003
   2.666193513898281E-003
   2.422330500405985E-003
   2.400755543649705E-003
   3.659979955172766E-003
   2.922594010804546E-003
   7.089196113436336E-004
   2.565839343281619E-003
   8.227404769416202E-003
  -8.891859723138885E-005
   1.321735476529707E-005
   2.372871090225180E-003
   7.009878602406401E-005
   2.415105257193338E-003
  -1.983546742863890E-004
   1.867446589081168E-003
   2.354534034140219E-004
   1.777740600682599E-003
  -4.116469215823361E-004
   7.727663985615207E-004
   5.261298843661038E-004
   6.034229425718640E-004
   2.806872134658018E-003
  -1.277743650895431E-003
   3.087256597560754E-003
  -1.003886157735816E-003
   1.685193550257004E-003
  -7.075344510021441E-004
   8.912022785665262E-003
  -3.554381292265485E-004
   9.313974628146168E-003
  -2.522450911799976E-004
   9.085455706625480E-003
  -5.131332068852277E-004
   9.838783750068043E-003
  -5.399606541345232E-005
   9.483030995143350E-003
  -1.189050591577753E-003
   5.104516710037471E-003
   1.475299002503058E-003
   8.902632740821283E-003
   5.604897811700234E-004
   8.478727786000341E-003
  -8.536963497546898E-004
   1.927365419676561E-003
  -2.062134832184252E-003
   2.237630381776803E-003
  -3.165172285218622E-003
   2.546201315556954E-003
  -2.154083198723972E-003
   3.669496813215659E-003
  -1.944234808031739E-003
   4.351526420598148E-003
  -3.458142629359118E-003
   1.540049571934525E-003
   2.821634696798447E-003
   6.237851732170516E-003
  -2.928191990285827E-003
   5.366428818152129E-004
  -2.942482801637858E-003
  -3.836841057732504E-005
  -2.885589739883095E-003
  -1.611061837590985E-004
  -2.096592815670691E-003
   7.364997650680371E-004
  -1.420093574867852E-003
  -1.364278823375023E-003
  -3.680289803536931E-004
   8.781164703830302E-004
   6.447707414249286E-004
   4.024567270434274E-003
   1.776018106376509E-003
   2.511335157938252E-003
   1.137740734132663E-003
   1.428947120201193E-003
   3.656647602683639E-003
   6.816251368648683E-003
   3.657964322171900E-003
   7.413401955650702E-003
   4.196774727947401E-003
   7.209267231970327E-003
   4.691832990987781E-003
   8.754889345554615E-003
   4.671829956450520E-003
   7.251759710973417E-003
  -9.990623715590117E-006
   5.444878935280778E-003
   2.613789642991644E-003
   7.339612095554473E-003
   1.385469787474443E-003
   7.641934206018509E-003
   9.222826066604967E-004
   5.277182129516339E-004
   1.071758423748573E-003
   8.478305213987774E-004
   1.270182097508770E-003
   1.257851422711013E-003
   1.816063492573374E-003
   9.288816987393786E-004
   2.277579514701962E-003
   1.057755700119089E-003
   9.139349477698055E-004
   1.341627038843155E-003
   3.190562077965903E-003
  -3.088180941945934E-004
   4.262018864033152E-004
   1.358600057651791E-003
   4.596017140371875E-004
   1.460528414294597E-003
   2.934276889193345E-004
   1.142111799102239E-003
   4.570503455236939E-004
   9.808739323155123E-004
  -7.865545484762999E-006
   6.233930627179210E-004
   3.922438173611442E-004
   3.307937450557076E-004
   1.086002315593720E-003
  -7.698306568242621E-004
   1.905281747273103E-003
  -6.433037047532704E-004
   1.064115802972240E-003
  -5.041138505496721E-004
   3.374138486026863E-003
  -4.084326514342814E-004
   3.486607918907208E-003
  -3.912397448268830E-004
   3.425053306855911E-003
  -4.674387085829955E-004
   3.645322876802805E-003
  -3.303869760955156E-004
   3.543202263964569E-003
  -6.704139726000397E-004
   2.688069842788019E-003
   2.409959715933743E-004
   3.369608652637614E-003
  -1.668555662359285E-004
   3.231426285495141E-003
   7.509911833051755E-005
   2.082244139296887E-003
  -4.070134729480149E-004
   1.256208585335274E-003
  -1.063257477155393E-003
   1.406955913535635E-003
  -1.638391685689526E-003
   1.637440646850573E-003
  -1.006400263985349E-003
   2.178741846608271E-003
  -8.685797545586468E-004
   2.523514139813964E-003
  -1.885219127356441E-003
   1.107008586088762E-003
   1.254120428367296E-003
   3.084572244459306E-003
  -1.682060118093832E-003
   5.365236302876322E-004
  -1.696499679756997E-003
   2.386429345161432E-004
  -1.683050699176895E-003
   7.899324480626237E-005
  -1.183727642883626E-003
   5.888032163952110E-004
  -8.475166981963912E-004
  -7.431514160628731E-004
  -1.809822006300795E-004
   5.888580642358118E-004
   5.259984987512676E-004
   2.151415871624488E-003
   9.280607499818153E-004
   1.426061708945535E-003
   6.674358703025340E-004
   8.602683216117425E-004
   1.574426606801219E-003
   3.324824023991119E-003
   1.561671105109898E-003
   3.562280865536267E-003
   1.790554385438190E-003
   3.487844359526807E-003
   1.964604432708520E-003
   4.097108362799697E-003
   1.970879534381443E-003
   3.530489560588039E-003
   4.377267592947721E-005
   2.859947665418495E-003
   1.150612781695428E-003
   3.510537537563015E-003
   6.892870538108645E-004
   3.614080565263059E-003
   1.567698265928792E-004
   2.227399704240624E-003
   9.360218292732006E-004
   1.530725213191030E-003
   5.900285890944983E-004
   2.308554493796871E-003
   3.512904125084898E-004
   3.039674236708479E-003
   1.603660999804642E-003
   3.130607278636115E-003
   2.669903918284787E-003
   3.768950730128982E-003
  -2.701313275726158E-004
   2.667788532028822E-003
   8.488459511418063E-003
   1.980667232500835E-003
  -7.276110111787445E-004
   2.228825079970266E-003
  -6.754507110600349E-004
   2.103364219192078E-003
  -8.997441903712647E-004
   1.611123416556900E-003
  -3.176404374798161E-004
   1.763393964530488E-003
  -7.160511486790776E-004
   3.479006112993592E-004
   3.847690847654475E-004
   7.597711438270983E-004
   2.160595818635390E-003
   1.078008997575927E-004
   3.540315370637749E-003
  -2.203193837056478E-004
   1.917200700646467E-003
  -3.030041976863289E-004
   9.185087090941964E-003
   2.227172055116178E-003
   9.358197586598456E-003
   2.584405036554430E-003
   9.480988942712654E-003
   2.403801322269946E-003
   9.955773724379204E-003
   3.200738731054116E-003
   9.816882157060516E-003
   2.217558284426585E-003
   4.566719837204445E-003
   2.917072396209984E-003
   8.755632519561457E-003
   2.925229345218893E-003
   7.754390828504460E-003
   3.712659699061087E-003
   3.017103056197552E-003
   1.634492668996484E-003
   9.103701445860946E-003
  -9.066185487068656E-004
   1.284389716558554E-003
  -1.833714228412885E-003
   1.364374066481518E-003
  -2.692470687866491E-003
   1.475931204968713E-003
  -2.105328340540500E-003
   2.371787024155515E-003
  -2.156071173565307E-003
   2.793805941169188E-003
  -2.817167919593558E-003
   7.233307815706549E-004
   2.432830236202311E-004
   4.965464413472518E-003
  -2.285726008493324E-003
  -2.163186937508034E-005
  -2.312312189191505E-003
  -4.698872192995226E-004
  -2.215548925752814E-003
  -4.834640284132036E-004
  -1.672660950110161E-003
   2.393911420204337E-004
  -1.016886077332883E-003
  -1.233997375099242E-003
  -3.778250988616289E-004
   6.147849752101710E-004
  -3.057218946254956E-003
   3.579921936071327E-003
   8.493404918861736E-004
   2.339554844368756E-003
   6.047404114404694E-004
   1.343737887539716E-003
   3.944797422316817E-004
   5.581085289153548E-003
   1.437731992565880E-004
   5.940425527013728E-003
   6.315728241621123E-004
   5.986348545811383E-003
   4.278117166817092E-004
   6.639067590856013E-003
   6.606905538938285E-004
   6.508859351007437E-003
  -9.537832942551750E-004
   3.773791117959389E-003
  -2.550747400955036E-004
   5.412965901839959E-003
  -7.331920555104168E-004
   5.156778985157281E-003
  -5.517433899657976E-004
   2.622592816549443E-003
   1.293719571121182E-003
   4.694256885176107E-003
   9.560461308874197E-004
   1.657074537585960E-003
   5.585989138410771E-004
   2.485628911762308E-003
   2.758456807732811E-004
   3.258824033289563E-003
   1.614689832895443E-003
   3.389439140542122E-003
   2.741771036694345E-003
   4.081067259701735E-003
  -3.814334437739807E-004
   2.839608547584493E-003
   9.005118295941141E-003
   2.245071756529745E-003
  -8.453207290833173E-004
   2.351827351890910E-003
  -7.903300788381144E-004
   2.203551782332239E-003
  -1.024363327744750E-003
   1.686729054799909E-003
  -3.936266218324224E-004
   1.869912686580360E-003
  -7.942235974045380E-004
   3.314050441571141E-004
   3.906661483268900E-004
   8.117371917505472E-004
   3.010996154231544E-003
   1.626755460830572E-004
   3.723537529831202E-003
  -2.057341188357077E-004
   2.024625927033617E-003
  -2.958428711493058E-004
   1.010104601319187E-002
   2.368730776316348E-003
   1.035385526514455E-002
   2.843530084198932E-003
   1.057568030005144E-002
   2.547666114045770E-003
   1.135169711676609E-002
   3.844928359992299E-003
   1.112397525031447E-002
   2.200575749875986E-003
   4.789389656006363E-003
   3.239436116098857E-003
   9.355025497161001E-003
   3.354694913383033E-003
   8.209587716295357E-003
   4.195888349290909E-003
   3.157058947893132E-003
   1.819261498074569E-003
   9.225659745030123E-003
   1.270682175765070E-003
   1.012469150511244E-002
  -1.022276482576518E-003
   1.443568547824356E-003
  -2.076293739645653E-003
   1.528289852394977E-003
  -3.055860850320778E-003
   1.648938760527506E-003
  -2.394798061439102E-003
   2.677165527092687E-003
  -2.484826641621044E-003
   3.152409323979131E-003
  -3.186597573582151E-003
   7.915287098014064E-004
   2.621766118103771E-004
   5.839195445001551E-003
  -2.572535338696863E-003
  -5.013008100478089E-005
  -2.600632057362644E-003
  -5.616362244925734E-004
  -2.489764087340282E-003
  -5.614326196454590E-004
  -1.884718585430996E-003
   2.533393170669555E-004
  -1.140772402398849E-003
  -1.389332532615186E-003
  -4.276453846835538E-004
   6.795749890381595E-004
  -2.893492091270069E-003
   4.118836064226948E-003
   1.043889307790718E-003
   2.632149205666278E-003
   7.058492974152861E-004
   1.491394678936427E-003
   2.560756284542113E-004
   6.707298913255745E-003
  -1.222545057775760E-004
   7.123312637370543E-003
   4.840904980911092E-004
   7.248604258608601E-003
   3.693965293905383E-005
   7.838724230459435E-003
   4.092636682508236E-004
   8.053445446700704E-003
  -1.096675036002335E-003
   4.324739143272193E-003
  -4.301821241348740E-004
   6.333470593971723E-003
  -9.529341005876417E-004
   5.962642555554884E-003
  -6.068846500575119E-004
   2.983179664127419E-003
   1.738922632402582E-003
   5.473584723444194E-003
   1.442944226894902E-003
   6.749905062735700E-003
